<?xml version="1.0" encoding="UTF-8"?>
<!-- Generated by org.testng.reporters.JUnitXMLReporter -->
<testsuite hostname="SLLP003" name="Test" tests="2" failures="1" timestamp="24 Aug 2017 16:28:16 GMT" time="3.854" errors="0">
  <testcase name="checkIP" time="3.237" classname="com.Test.TestRunner">
    <failure type="java.lang.ClassCastException" message="io.restassured.internal.ValidatableResponseImpl cannot be cast to io.restassured.response.Response">
      <![CDATA[java.lang.ClassCastException: io.restassured.internal.ValidatableResponseImpl cannot be cast to io.restassured.response.Response
	at com.Test.TestRunner.checkIP(TestRunner.java:79)
... Removed 24 stack frames]]>
    </failure>
  </testcase> <!-- checkIP -->
  <testcase name="postExample" time="0.593" classname="com.Test.TestRunner"/>
</testsuite> <!-- Test -->
