<?xml version="1.0" encoding="UTF-8"?>
<testng-results skipped="0" failed="0" total="2" passed="2">
  <reporter-output>
  </reporter-output>
  <suite name="Default suite" duration-ms="3052" started-at="2017-08-24T16:28:59Z" finished-at="2017-08-24T16:29:02Z">
    <groups>
    </groups>
    <test name="Default test" duration-ms="3052" started-at="2017-08-24T16:28:59Z" finished-at="2017-08-24T16:29:02Z">
      <class name="com.Test.TestRunner">
        <test-method status="PASS" signature="checkIP()[pri:0, instance:com.Test.TestRunner@4520ebad]" name="checkIP" duration-ms="2551" started-at="2017-08-24T21:58:59Z" finished-at="2017-08-24T21:59:01Z">
          <reporter-output>
          </reporter-output>
        </test-method> <!-- checkIP -->
        <test-method status="PASS" signature="postExample()[pri:0, instance:com.Test.TestRunner@4520ebad]" name="postExample" duration-ms="483" started-at="2017-08-24T21:59:01Z" finished-at="2017-08-24T21:59:02Z">
          <reporter-output>
          </reporter-output>
        </test-method> <!-- postExample -->
      </class> <!-- com.Test.TestRunner -->
    </test> <!-- Default test -->
  </suite> <!-- Default suite -->
</testng-results>
